<?xml version="1.0" encoding="UTF-8"?>
<!-- Generated by org.testng.reporters.JUnitReportReporter -->
<testsuite hostname="DESKTOP-NAHFAA3" failures="0" tests="3" name="swagLabs.test.baseTest" time="11.966" errors="0" timestamp="2024-10-03T14:55:32 CST" skipped="0">
  <testcase classname="swagLabs.test.baseTest" name="EmptyLoginPage" time="5.279"/>
  <testcase classname="swagLabs.test.baseTest" name="InvalidLoginPage" time="3.372"/>
  <testcase classname="swagLabs.test.baseTest" name="ValidLoginPage" time="3.315"/>
</testsuite> <!-- swagLabs.test.baseTest -->
