<?xml version="1.0" encoding="UTF-8"?>
<!-- Generated by org.testng.reporters.JUnitReportReporter -->
<testsuite hostname="DESKTOP-NAHFAA3" failures="0" tests="3" name="orangeHRM.test.LoginTest" time="28.596" errors="0" timestamp="2024-10-07T23:17:08 CST" skipped="0">
  <testcase classname="orangeHRM.test.LoginTest" name="ValidLogin" time="12.375"/>
  <testcase classname="orangeHRM.test.LoginTest" name="InvalidLogin" time="8.592"/>
  <testcase classname="orangeHRM.test.LoginTest" name="EmptyCredentialsLogin" time="7.629"/>
</testsuite> <!-- orangeHRM.test.LoginTest -->
