<?xml version="1.0" encoding="UTF-8"?>
<!-- Generated by org.testng.reporters.JUnitReportReporter -->
<testsuite hostname="DESKTOP-NAHFAA3" failures="0" tests="3" name="orangeHRM.test.baseTest" time="28.323" errors="0" timestamp="2024-10-07T14:49:03 CST" skipped="0">
  <testcase classname="orangeHRM.test.baseTest" name="ValidLogin" time="9.850"/>
  <testcase classname="orangeHRM.test.baseTest" name="InvalidLogin" time="10.926"/>
  <testcase classname="orangeHRM.test.baseTest" name="EmptyCredentialsLogin" time="7.547"/>
</testsuite> <!-- orangeHRM.test.baseTest -->
