<?xml version="1.0" encoding="UTF-8"?>
<!-- Generated by org.testng.reporters.JUnitReportReporter -->
<testsuite hostname="DESKTOP-NAHFAA3" failures="0" tests="3" name="orangeHRM.runner.LoginTest" time="3.390" errors="0" timestamp="2024-10-08T19:27:02 CST" skipped="0">
  <testcase classname="orangeHRM.runner.LoginTest" name="InvalidLogin" time="1.679"/>
  <testcase classname="orangeHRM.runner.LoginTest" name="EmptyCredentialsLogin" time="0.393"/>
  <testcase classname="orangeHRM.runner.LoginTest" name="ValidLogin" time="1.318"/>
</testsuite> <!-- orangeHRM.runner.LoginTest -->
