<?xml version="1.0" encoding="UTF-8"?>
<!-- Generated by org.testng.reporters.JUnitReportReporter -->
<testsuite hostname="DESKTOP-NAHFAA3" failures="0" tests="3" name="orangeHRM.test.loginPage" time="24.048" errors="0" timestamp="2024-10-07T14:51:10 CST" skipped="0">
  <testcase classname="orangeHRM.test.loginPage" name="ValidLogin" time="7.861"/>
  <testcase classname="orangeHRM.test.loginPage" name="InvalidLogin" time="8.557"/>
  <testcase classname="orangeHRM.test.loginPage" name="EmptyCredentialsLogin" time="7.630"/>
</testsuite> <!-- orangeHRM.test.loginPage -->
