<?xml version="1.0" encoding="UTF-8"?>
<!-- Generated by org.testng.reporters.JUnitReportReporter -->
<testsuite hostname="DESKTOP-NAHFAA3" failures="0" tests="3" name="swagLabs.test.SwagLabsbaseTest" time="9.792" errors="0" timestamp="2024-10-03T20:31:20 CST" skipped="0">
  <testcase classname="swagLabs.test.SwagLabsbaseTest" name="ValidLoginPage" time="3.216"/>
  <testcase classname="swagLabs.test.SwagLabsbaseTest" name="EmptyLoginPage" time="2.781"/>
  <testcase classname="swagLabs.test.SwagLabsbaseTest" name="InvalidLoginPage" time="3.795"/>
</testsuite> <!-- swagLabs.test.SwagLabsbaseTest -->
