<?xml version="1.0" encoding="UTF-8"?>
<!-- Generated by org.testng.reporters.JUnitReportReporter -->
<testsuite hostname="DESKTOP-NAHFAA3" failures="0" tests="3" name="orangeHRM.test.LoginTest" time="5.330" errors="0" timestamp="2024-10-08T01:38:37 CST" skipped="0">
  <testcase classname="orangeHRM.test.LoginTest" name="InvalidLogin" time="2.326"/>
  <testcase classname="orangeHRM.test.LoginTest" name="EmptyCredentialsLogin" time="0.409"/>
  <testcase classname="orangeHRM.test.LoginTest" name="ValidLogin" time="2.595"/>
</testsuite> <!-- orangeHRM.test.LoginTest -->
